1618373071115	geckodriver	INFO	Listening on 127.0.0.1:50268
1618373074123	mozrunner::runner	INFO	Running command: "C:\\Program Files\\Mozilla Firefox\\firefox.exe" "--marionette" "-foreground" "-no-remote" "-profile" "C:\\Users\\jerem\\AppData\\Local\\Temp\\rust_mozprofileFP5VRF"
console.warn: SearchSettings: "get: No settings file exists, new profile?" (new Error("", "(unknown module)"))
1618373076046	Marionette	INFO	Listening on port 50276
1618373076148	Marionette	WARN	TLS certificate errors will be ignored for this session
JavaScript error: http://img4.wsimg.com/starfield/duel/v2.5.7/duel.js?appid=O3BkA5J1#TzNCa0E1SjF2Mi41Ljdwcm9k, line 2: Error: Syntax or http error: https://img4.wsimg.com/wst/v7/WSB7_J_20150617_0953_WSB-Desig_7030/v2/designer/social/share/social.share.js
JavaScript error: http://img4.wsimg.com/starfield/duel/v2.5.7/duel.js?appid=O3BkA5J1#TzNCa0E1SjF2Mi41Ljdwcm9k, line 2: Error: Syntax or http error: https://img4.wsimg.com/wst/v7/WSB7_J_20150617_0953_WSB-Desig_7030/v2/designer/iebackground/iebackground.js
console.log: WebExtensions: reset-default-search: No addons in our list are installed.
JavaScript error: http://img4.wsimg.com/starfield/duel/v2.5.7/duel.js?appid=O3BkA5J1#TzNCa0E1SjF2Mi41Ljdwcm9k, line 2: Error: Syntax or http error: https://img4.wsimg.com/wst/v7/WSB7_J_20150617_0953_WSB-Desig_7030/v2/common/cookiemanager/cookiemanager.js
JavaScript error: http://img4.wsimg.com/starfield/duel/v2.5.7/duel.js?appid=O3BkA5J1#TzNCa0E1SjF2Mi41Ljdwcm9k, line 2: Error: Syntax or http error: https://img4.wsimg.com/wst/v7/WSB7_J_20150617_0953_WSB-Desig_7030/v2/designer/social/share/social.share.js
JavaScript error: http://img4.wsimg.com/starfield/duel/v2.5.7/duel.js?appid=O3BkA5J1#TzNCa0E1SjF2Mi41Ljdwcm9k, line 2: Error: Syntax or http error: https://img4.wsimg.com/wst/v7/WSB7_J_20150617_0953_WSB-Desig_7030/v2/designer/social/share/social.share.js
JavaScript error: http://img4.wsimg.com/starfield/duel/v2.5.7/duel.js?appid=O3BkA5J1#TzNCa0E1SjF2Mi41Ljdwcm9k, line 2: Error: Syntax or http error: https://img4.wsimg.com/wst/v7/WSB7_J_20150617_0953_WSB-Desig_7030/v2/common/cookiemanager/cookiemanager.js
JavaScript error: http://img4.wsimg.com/starfield/duel/v2.5.7/duel.js?appid=O3BkA5J1#TzNCa0E1SjF2Mi41Ljdwcm9k, line 2: Error: Syntax or http error: https://img4.wsimg.com/wst/v7/WSB7_J_20150617_0953_WSB-Desig_7030/v2/designer/social/share/social.share.js
JavaScript error: http://img4.wsimg.com/starfield/duel/v2.5.7/duel.js?appid=O3BkA5J1#TzNCa0E1SjF2Mi41Ljdwcm9k, line 2: Error: Syntax or http error: https://img4.wsimg.com/wst/v7/WSB7_J_20150617_0953_WSB-Desig_7030/v2/common/cookiemanager/cookiemanager.js
JavaScript error: http://img4.wsimg.com/starfield/duel/v2.5.7/duel.js?appid=O3BkA5J1#TzNCa0E1SjF2Mi41Ljdwcm9k, line 2: Error: Syntax or http error: https://img4.wsimg.com/wst/v7/WSB7_J_20150617_0953_WSB-Desig_7030/v2/designer/iebackground/iebackground.js
JavaScript error: http://img4.wsimg.com/starfield/duel/v2.5.7/duel.js?appid=O3BkA5J1#TzNCa0E1SjF2Mi41Ljdwcm9k, line 2: Error: Syntax or http error: https://img4.wsimg.com/wst/v7/WSB7_J_20150611618376291438	Marionette	WARN	TLS certificate errors will be ign1618376311376	Marionette	INFO	Stopped listening on port 50276

###!!! [Child][RunMessage] Error: Channel closing: too late to send/recv, messages will be lost

error: https://img4.wsimg.com/wst/v7/WSB7_J_20150617_0953_WSB-Desig_7030/v2/designer/social/share/social.share.js
JavaScript error: http://img4.wsimg.com/starfield/duel/v2.5.7/duel.js?appid=O3BkA5J1#TzNCa0E1SjF2Mi41Ljdwcm9k, line 2: Error: Syntax or http error: https://img4.wsimg.com/wst/v7/WSB7_J_20150617_0953_WSB-Desig_7030/v2/common/cookiemanager/cookiemanager.js
JavaScript error: http://img4.wsimg.com/starfield/duel/v2.5.7/duel.js?appid=O3BkA5J1#TzNCa0E1SjF2Mi41Ljdwcm9k, line 2: Error: Syntax or http error: https://img4.wsimg.com/wst/v7/WSB7_J_20150617_0953_WSB-Desig_7030/v2/common/cookiemanager/cookiemanager.js
JavaScript error: http://img4.wsimg.com/starfield/duel/v2.5.7/duel.js?appid=O3BkA5J1#TzNCa0E1SjF2Mi41Ljdwcm9k, line 2: Error: Syntax or http error: https://img4.wsimg.com/wst/v7/WSB7_J_20150617_0953_WSB-Desig_7030/v2/designer/social/share/social.share.js
1618376566142	Marionette	INFO	Stopped listening on port 51038

###!!! [Child][RunMessage] Error: Channel closing: too late to send/recv, messages will be lost

1618376679123	geckodriver	INFO	Listening on 127.0.0.1:51286
1618376682132	mozrunner::runner	INFO	Running command: "C:\\Program Files\\Mozilla Firefox\\firefox.exe" "--marionette" "-foreground" "-no-remote" "-profile" "C:\\Users\\jerem\\AppData\\Local\\Temp\\rust_mozprofilejzT1cj"
console.warn: SearchSettings: "get: No settings file exists, new profile?" (new Error("", "(unknown module)"))
1618376683976	Marionette	INFO	Listening on port 51296
1618376684156	Marionette	WARN	TLS certificate errors will be ignored for this session
JavaScript error: http://img4.wsimg.com/starfield/duel/v2.5.7/duel.js?appid=O3BkA5J1#TzNCa0E1SjF2Mi41Ljdwcm9k, line 2: Error: Syntax or http error: https://img4.wsimg.com/wst/v7/WSB7_J_20150617_0953_WSB-Desig_7030/v2/designer/social/share/social.share.js
JavaScript error: http://img4.wsimg.com/starfield/duel/v2.5.7/duel.js?appid=O3BkA5J1#TzNCa0E1SjF2Mi41Ljdwcm9k, line 2: Error: Syntax or http error: https://img4.wsimg.com/wst/v7/WSB7_J_20150617_0953_WSB-Desig_7030/v2/designer/iebackground/iebackground.js
JavaScript error: http://img4.wsimg.com/starfield/duel/v2.5.7/duel.js?appid=O3BkA5J1#TzNCa0E1SjF2Mi41Ljdwcm9k, line 2: Error: Syntax or http error: https://img4.wsimg.com/wst/v7/WSB7_J_20150617_0953_WSB-Desig_7030/v2/common/cookiemanager/cookiemanager.js
JavaScript error: http://img4.wsimg.com/starfield/duel/v2.5.7/duel.js?appid=O3BkA5J1#TzNCa0E1SjF2Mi41Ljdwcm9k, line 2: Error: Syntax or http error: https://img4.wsimg.com/wst/v7/WSB7_J_20150617_0953_WSB-Desig_7030/v2/designer/social/share/social.share.js
JavaScript error: http://img4.wsimg.com/starfield/duel/v2.5.7/duel.js?appid=O3BkA5J1#TzNCa0E1SjF2Mi41Ljdwcm9k, line 2: Error: Syntax or http error: https://img4.wsimg.com/wst/v7/WSB7_J_20150617_0953_WSB-Desig_7030/v2/designer/social/share/social.share.js
JavaScript error: http://img4.wsimg.com/starfield/duel/v2.5.7/duel.js?appid=O3BkA5J1#TzNCa0E1SjF2Mi41Ljdwcm9k, line 2: Error: Syntax or http error: https://img4.wsimg.com/wst/v7/WSB7_J_20150617_0953_WSB-Desig_7030/v2/designer/iebackground/iebackground.js
1618376756768	Marionette	INFO	Stopped listening on port 51296

###!!! [Child][RunMessage] Error: Channel closing: too late to send/recv, messages will be lost

1618376774766	geckodriver	INFO	Listening on 127.0.0.1:51411
1618376777775	mozrunner::runner	INFO	Running command: "C:\\Program Files\\Mozilla Firefox\\firefox.exe" "--marionette" "-foreground" "-no-remote" "-profile" "C:\\Users\\jerem\\AppData\\Local\\Temp\\rust_mozprofilek0vlcL"
console.warn: SearchSettings: "get: No settings file exists, new profile?" (new Error("", "(unknown module)"))
1618376779440	Marionette	INFO	Listening on port 51420
1618376779797	Marionette	WARN	TLS certificate errors will be ignored for this session
JavaScript error: http://img4.wsimg.com/starfield/duel/v2.5.7/duel.js?appid=O3BkA5J1#TzNCa0E1SjF2Mi41Ljdwcm9k, line 2: Error: Syntax or http error: https://img4.wsimg.com/wst/v7/WSB7_J_20150617_0953_WSB-Desig_7030/v2/common/cookiemanager/cookiemanager.js
JavaScript error: http://img4.wsimg.com/starfield/duel/v2.5.7/duel.js?appid=O3BkA5J1#TzNCa0E1SjF2Mi41Ljdwcm9k, line 2: Error: Syntax or http error: https://img4.wsimg.com/wst/v7/WSB7_J_20150617_0953_WSB-Desig_7030/v2/designer/social/share/social.share.js
JavaScript error: http://img4.wsimg.com/starfield/duel/v2.5.7/duel.js?appid=O3BkA5J1#TzNCa0E1SjF2Mi41Ljdwcm9k, line 2: Error: Syntax or http error: https://img4.wsimg.com/wst/v7/WSB7_J_20150617_0953_WSB-Desig_7030/v2/designer/social/share/social.share.js
JavaScript error: http://img4.wsimg.com/starfield/duel/v2.5.7/duel.js?appid=O3BkA5J1#TzNCa0E1SjF2Mi41Ljdwcm9k, line 2: Error: Syntax or http error: https://img4.wsimg.com/wst/v7/WSB7_J_20150617_0953_WSB-Desig_7030/v2/common/cookiemanager/cookiemanager.js
JavaScript error: http://img4.wsimg.com/starfield/duel/v2.5.7/duel.js?appid=O3BkA5J1#TzNCa0E1SjF2Mi41Ljdwcm9k, line 2: Error: Syntax or http error: https://img4.wsimg.com/wst/v7/WSB7_J_20150617_0953_WSB-Desig_7030/v2/designer/iebackground/iebackground.js
JavaScript error: http://img4.wsimg.com/starfield/duel/v2.5.7/duel.js?appid=O3BkA5J1#TzNCa0E1SjF2Mi41Ljdwcm9k, line 2: Error: Syntax or http error: https://img4.wsimg.com/wst/v7/WSB7_J_20150617_0953_WSB-Desig_7030/v2/designer/social/share/social.share.js
1618376792255	Marionette	INFO	Stopped listening on port 51420

###!!! [Child][RunMessage] Error: Channel closing: too late to send/recv, messages will be lost

1618378287996	geckodriver	INFO	Listening on 127.0.0.1:52425
1618378291005	mozrunner::runner	INFO	Running command: "C:\\Program Files\\Mozilla Firefox\\firefox.exe" "--marionette" "-foreground" "-no-remote" "-profile" "C:\\Users\\jerem\\AppData\\Local\\Temp\\rust_mozprofileafuHVb"
console.warn: SearchSettings: "get: No settings file exists, new profile?" (new Error("", "(unknown module)"))
1618378292888	Marionette	INFO	Listening on port 52436
1618378293029	Marionette	WARN	TLS certificate errors will be ignored for this session
JavaScript error: http://img4.wsimg.com/starfield/duel/v2.5.7/duel.js?appid=O3BkA5J1#TzNCa0E1SjF2Mi41Ljdwcm9k, line 2: Error: Syntax or http error: https://img4.wsimg.com/wst/v7/WSB7_J_20150617_0953_WSB-Desig_7030/v2/common/cookiemanager/cookiemanager.js
JavaScript error: http://img4.wsimg.com/starfield/duel/v2.5.7/duel.js?appid=O3BkA5J1#TzNCa0E1SjF2Mi41Ljdwcm9k, line 2: Error: Syntax or http error: https://img4.wsimg.com/wst/v7/WSB7_J_20150617_0953_WSB-Desig_7030/v2/designer/social/share/social.share.js
JavaScript error: http://img4.wsimg.com/starfield/duel/v2.5.7/duel.js?appid=O3BkA5J1#TzNCa0E1SjF2Mi41Ljdwcm9k, line 2: Error: Syntax or http error: https://img4.wsimg.com/wst/v7/WSB7_J_20150617_0953_WSB-Desig_7030/v2/designer/social/share/social.share.js
JavaScript error: http://img4.wsimg.com/starfield/duel/v2.5.7/duel.js?appid=O3BkA5J1#TzNCa0E1SjF2Mi41Ljdwcm9k, line 2: Error: Syntax or http error: https://img4.wsimg.com/wst/v7/WSB7_J_20150617_0953_WSB-Desig_7030/v2/common/cookiemanager/cookiemanager.js
JavaScript error: http://img4.wsimg.com/starfield/duel/v2.5.7/duel.js?appid=O3BkA5J1#TzNCa0E1SjF2Mi41Ljdwcm9k, line 2: Error: Syntax or http error: https://img4.wsimg.com/wst/v7/WSB7_J_20150617_0953_WSB-Desig_7030/v2/designer/social/share/social.share.js
JavaScript error: http://img4.wsimg.com/starfield/duel/v2.5.7/duel.js?appid=O3BkA5J1#TzNCa0E1SjF2Mi41Ljdwcm9k, line 2: Error: Syntax or http error: https://img4.wsimg.com/wst/v7/WSB7_J_20150617_0953_WSB-Desig_7030/v2/designer/iebackground/iebackground.js
console.log: WebExtensions: reset-default-search: No addons in our list are installed.
1618378951172	Marionette	INFO	Stopped listening on port 52436

###!!! [Child][RunMessage] Error: Channel closing: too late to send/recv, messages will be lost

1618378956614	geckodriver	INFO	Listening on 127.0.0.1:52956
1618378959624	mozrunner::runner	INFO	Running command: "C:\\Program Files\\Mozilla Firefox\\firefox.exe" "--marionette" "-foreground" "-no-remote" "-profile" "C:\\Users\\jerem\\AppData\\Local\\Temp\\rust_mozprofileiCzMD9"
console.warn: SearchSettings: "get: No settings file exists, new profile?" (new Error("", "(unknown module)"))
1618378961519	Marionette	INFO	Listening on port 52966
1618378961649	Marionette	WARN	TLS certificate errors will be ignored for this session
JavaScript error: http://img4.wsimg.com/starfield/duel/v2.5.7/duel.js?appid=O3BkA5J1#TzNCa0E1SjF2Mi41Ljdwcm9k, line 2: Error: Syntax or http error: https://img4.wsimg.com/wst/v7/WSB7_J_20150617_0953_WSB-Desig_7030/v2/designer/iebackground/iebackground.js
JavaScript error: http://img4.wsimg.com/starfield/duel/v2.5.7/duel.js?appid=O3BkA5J1#TzNCa0E1SjF2Mi41Ljdwcm9k, line 2: Error: Syntax or http error: https://img4.wsimg.com/wst/v7/WSB7_J_20150617_0953_WSB-Desig_7030/v2/designer/social/share/social.share.js
JavaScript error: http://img4.wsimg.com/starfield/duel/v2.5.7/duel.js?appid=O3BkA5J1#TzNCa0E1SjF2Mi41Ljdwcm9k, line 2: Error: Syntax or http error: https://img4.wsimg.com/wst/v7/WSB7_J_20150617_0953_WSB-Desig_7030/v2/designer/social/share/social.share.js
JavaScript error: http://img4.wsimg.com/starfield/duel/v2.5.7/duel.js?appid=O3BkA5J1#TzNCa0E1SjF2Mi41Ljdwcm9k, line 2: Error: Syntax or http error: https://img4.wsimg.com/wst/v7/WSB7_J_20150617_0953_WSB-Desig_7030/v2/common/cookiemanager/cookiemanager.js
JavaScript error: http://img4.wsimg.com/starfield/duel/v2.5.7/duel.js?appid=O3BkA5J1#TzNCa0E1SjF2Mi41Ljdwcm9k, line 2: Error: Syntax or http error: https://img4.wsimg.com/wst/v7/WSB7_J_20150617_0953_WSB-Desig_7030/v2/designer/social/share/social.share.js
JavaScript error: http://img4.wsimg.com/starfield/duel/v2.5.7/duel.js?appid=O3BkA5J1#TzNCa0E1SjF2Mi41Ljdwcm9k, line 2: Error: Syntax or http error: https://img4.wsimg.com/wst/v7/WSB7_J_20150617_0953_WSB-Desig_7030/v2/common/cookiemanager/cookiemanager.js
1618379315154	Marionette	INFO	Stopped listening on port 52966
1618794061459	geckodriver	INFO	Listening on 127.0.0.1:53786
1618794064470	mozrunner::runner	INFO	Running command: "C:\\Program Files\\Mozilla Firefox\\firefox.exe" "--marionette" "-foreground" "-no-remote" "-profile" "C:\\Users\\jerem\\AppData\\Local\\Temp\\rust_mozprofilenDzwkX"
console.warn: SearchSettings: "get: No settings file exists, new profile?" (new Error("", "(unknown module)"))
1618794066725	Marionette	INFO	Listening on port 53794
1618794067098	Marionette	WARN	TLS certificate errors will be ignored for this session
JavaScript error: http://img4.wsimg.com/starfield/duel/v2.5.7/duel.js?appid=O3BkA5J1#TzNCa0E1SjF2Mi41Ljdwcm9k, line 2: Error: Syntax or http error: https://img4.wsimg.com/wst/v7/WSB7_J_20150617_0953_WSB-Desig_7030/v2/designer/social/share/social.share.js
JavaScript error: http://img4.wsimg.com/starfield/duel/v2.5.7/duel.js?appid=O3BkA5J1#TzNCa0E1SjF2Mi41Ljdwcm9k, line 2: Error: Syntax or http error: https://img4.wsimg.com/wst/v7/WSB7_J_20150617_0953_WSB-Desig_7030/v2/common/cookiemanager/cookiemanager.js
JavaScript error: http://img4.wsimg.com/starfield/duel/v2.5.7/duel.js?appid=O3BkA5J1#TzNCa0E1SjF2Mi41Ljdwcm9k, line 2: Error: Syntax or http error: https://img4.wsimg.com/wst/v7/WSB7_J_20150617_0953_WSB-Desig_7030/v2/designer/iebackground/iebackground.js
JavaScript error: http://img4.wsimg.com/starfield/duel/v2.5.7/duel.js?appid=O3BkA5J1#TzNCa0E1SjF2Mi41Ljdwcm9k, line 2: Error: Syntax or http error: https://img4.wsimg.com/wst/v7/WSB7_J_20150617_0953_WSB-Desig_7030/v2/designer/social/share/social.share.js
JavaScript error: http://img4.wsimg.com/starfield/duel/v2.5.7/duel.js?appid=O3BkA5J1#TzNCa0E1SjF2Mi41Ljdwcm9k, line 2: Error: Syntax or http error: https://img4.wsimg.com/wst/v7/WSB7_J_20150617_0953_WSB-Desig_7030/v2/designer/social/share/social.share.js
JavaScript error: http://img4.wsimg.com/starfield/duel/v2.5.7/duel.js?appid=O3BkA5J1#TzNCa0E1SjF2Mi41Ljdwcm9k, line 2: Error: Syntax or http error: https://img4.wsimg.com/wst/v7/WSB7_J_20150617_0953_WSB-Desig_7030/v2/common/cookiemanager/cookiemanager.js
console.log: WebExtensions: reset-default-search: No addons in our list are installed.
1618794641808	Marionette	INFO	Stopped listening on port 53794

###!!! [Child][RunMessage] Error: Channel closing: too late to send/recv, messages will be lost

1618794643279	geckodriver	INFO	Listening on 127.0.0.1:53977
1618794646287	mozrunner::runner	INFO	Running command: "C:\\Program Files\\Mozilla Firefox\\firefox.exe" "--marionette" "-foreground" "-no-remote" "-profile" "C:\\Users\\jerem\\AppData\\Local\\Temp\\rust_mozprofile5AAxu9"
console.warn: SearchSettings: "get: No settings file exists, new profile?" (new Error("", "(unknown module)"))
1618794648117	Marionette	INFO	Listening on port 53986
1618794648309	Marionette	WARN	TLS certificate errors will be ignored for this session
JavaScript error: http://img4.wsimg.com/starfield/duel/v2.5.7/duel.js?appid=O3BkA5J1#TzNCa0E1SjF2Mi41Ljdwcm9k, line 2: Error: Syntax or http error: https://img4.wsimg.com/wst/v7/WSB7_J_20150617_0953_WSB-Desig_7030/v2/common/cookiemanager/cookiemanager.js
JavaScript error: http://img4.wsimg.com/starfield/duel/v2.5.7/duel.js?appid=O3BkA5J1#TzNCa0E1SjF2Mi41Ljdwcm9k, line 2: Error: Syntax or http error: https://img4.wsimg.com/wst/v7/WSB7_J_20150617_0953_WSB-Desig_7030/v2/designer/social/share/social.share.js
JavaScript error: http://img4.wsimg.com/starfield/duel/v2.5.7/duel.js?appid=O3BkA5J1#TzNCa0E1SjF2Mi41Ljdwcm9k, line 2: Error: Syntax or http error: https://img4.wsimg.com/wst/v7/WSB7_J_20150617_0953_WSB-Desig_7030/v2/designer/iebackground/iebackground.js
JavaScript error: http://img4.wsimg.com/starfield/duel/v2.5.7/duel.js?appid=O3BkA5J1#TzNCa0E1SjF2Mi41Ljdwcm9k, line 2: Error: Syntax or http error: https://img4.wsimg.com/wst/v7/WSB7_J_20150617_0953_WSB-Desig_7030/v2/designer/social/share/social.share.js
JavaScript error: http://img4.wsimg.com/starfield/duel/v2.5.7/duel.js?appid=O3BkA5J1#TzNCa0E1SjF2Mi41Ljdwcm9k, line 2: Error: Syntax or http error: https://img4.wsimg.com/wst/v7/WSB7_J_20150617_0953_WSB-Desig_7030/v2/common/cookiemanager/cookiemanager.js
JavaScript error: http://img4.wsimg.com/starfield/duel/v2.5.7/duel.js?appid=O3BkA5J1#TzNCa0E1SjF2Mi41Ljdwcm9k, line 2: Error: Syntax or http error: https://img4.wsimg.com/wst/v7/WSB7_J_20150617_0953_WSB-Desig_7030/v2/designer/social/share/social.share.js
1618794682603	Marionette	INFO	Stopped listening on port 53986

###!!! [Child][RunMessage] Error: Channel closing: too late to send/recv, messages will be lost

1618794688283	geckodriver	INFO	Listening on 127.0.0.1:54056
1618794691292	mozrunner::runner	INFO	Running command: "C:\\Program Files\\Mozilla Firefox\\firefox.exe" "--marionette" "-foreground" "-no-remote" "-profile" "C:\\Users\\jerem\\AppData\\Local\\Temp\\rust_mozprofileuDaGp4"
console.warn: SearchSettings: "get: No settings file exists, new profile?" (new Error("", "(unknown module)"))
1618794693104	Marionette	INFO	Listening on port 54066
1618794693318	Marionette	WARN	TLS certificate errors will be ignored for this session
JavaScript error: http://img4.wsimg.com/starfield/duel/v2.5.7/duel.js?appid=O3BkA5J1#TzNCa0E1SjF2Mi41Ljdwcm9k, line 2: Error: Syntax or http error: https://img4.wsimg.com/wst/v7/WSB7_J_20150617_0953_WSB-Desig_7030/v2/common/cookiemanager/cookiemanager.js
JavaScript error: http://img4.wsimg.com/starfield/duel/v2.5.7/duel.js?appid=O3BkA5J1#TzNCa0E1SjF2Mi41Ljdwcm9k, line 2: Error: Syntax or http error: https://img4.wsimg.com/wst/v7/WSB7_J_20150617_0953_WSB-Desig_7030/v2/designer/social/share/social.share.js
1618794695213	Marionette	INFO	Stopped listening on port 54066

###!!! [Child][RunMessage] Error: Channel closing: too late to send/recv, messages will be lost

1618794709706	geckodriver	INFO	Listening on 127.0.0.1:54133
1618794712724	mozrunner::runner	INFO	Running command: "C:\\Program Files\\Mozilla Firefox\\firefox.exe" "--marionette" "-foreground" "-no-remote" "-profile" "C:\\Users\\jerem\\AppData\\Local\\Temp\\rust_mozprofileQ5By76"
console.warn: SearchSettings: "get: No settings file exists, new profile?" (new Error("", "(unknown module)"))
1618794714473	Marionette	INFO	Listening on port 54141
1618794714746	Marionette	WARN	TLS certificate errors will be ignored for this session
JavaScript error: http://img4.wsimg.com/starfield/duel/v2.5.7/duel.js?appid=O3BkA5J1#TzNCa0E1SjF2Mi41Ljdwcm9k, line 2: Error: Syntax or http error: https://img4.wsimg.com/wst/v7/WSB7_J_20150617_0953_WSB-Desig_7030/v2/common/cookiemanager/cookiemanager.js
JavaScript error: http://img4.wsimg.com/starfield/duel/v2.5.7/duel.js?appid=O3BkA5J1#TzNCa0E1SjF2Mi41Ljdwcm9k, line 2: Error: Syntax or http error: https://img4.wsimg.com/wst/v7/WSB7_J_20150617_0953_WSB-Desig_7030/v2/designer/social/share/social.share.js
JavaScript error: http://img4.wsimg.com/starfield/duel/v2.5.7/duel.js?appid=O3BkA5J1#TzNCa0E1SjF2Mi41Ljdwcm9k, line 2: Error: Syntax or http error: https://img4.wsimg.com/wst/v7/WSB7_J_20150617_0953_WSB-Desig_7030/v2/designer/social/share/social.share.js
JavaScript error: http://img4.wsimg.com/starfield/duel/v2.5.7/duel.js?appid=O3BkA5J1#TzNCa0E1SjF2Mi41Ljdwcm9k, line 2: Error: Syntax or http error: https://img4.wsimg.com/wst/v7/WSB7_J_20150617_0953_WSB-Desig_7030/v2/designer/iebackground/iebackground.js
JavaScript error: http://img4.wsimg.com/starfield/duel/v2.5.7/duel.js?appid=O3BkA5J1#TzNCa0E1SjF2Mi41Ljdwcm9k, line 2: Error: Syntax or http error: https://img4.wsimg.com/wst/v7/WSB7_J_20150617_0953_WSB-Desig_7030/v2/designer/social/share/social.share.js
JavaScript error: http://img4.wsimg.com/starfield/duel/v2.5.7/duel.js?appid=O3BkA5J1#TzNCa0E1SjF2Mi41Ljdwcm9k, line 2: Error: Syntax or http error: https://img4.wsimg.com/wst/v7/WSB7_J_20150617_0953_WSB-Desig_7030/v2/designer/iebackground/iebackground.js
JavaScript error: http://img4.wsimg.com/starfield/duel/v2.5.7/duel.js?appid=O3BkA5J1#TzNCa0E1SjF2Mi41Ljdwcm9k, line 2: Error: Syntax or http error: https://img4.wsimg.com/wst/v7/WSB7_J_20150617_0953_WSB-Desig_7030/v2/designer/social/share/social.share.js
JavaScript error: http://img4.wsimg.com/starfield/duel/v2.5.7/duel.js?appid=O3BkA5J1#TzNCa0E1SjF2Mi41Ljdwcm9k, line 2: Error: Syntax or http error: https://img4.wsimg.com/wst/v7/WSB7_J_20150617_0953_WSB-Desig_7030/v2/common/cookiemanager/cookiemanager.js
console.log: WebExtensions: reset-default-search: No addons in our list are installed.
1618795648570	Marionette	INFO	Stopped listening on port 54141

###!!! [Child][RunMessage] Error: Channel closing: too late to send/recv, messages will be lost

Temp\\rust_mozprofile16FjLL"
console.warn: SearchSettings: "get: No settings file exists, new profile?" (new Error("", "(unknown module)"))
1618794872289	Marionette	INFO	Listening on port 54268
1618794872472	Marionette	WARN	TLS certificate errors will be ignored for this session
JavaScript error: http://img4.wsimg.com/starfield/duel/v2.5.7/duel.js?appid=O3BkA5J1#TzNCa0E1SjF2Mi41Ljdwcm9k, line 2: Error: Syntax or http error: https://img4.wsimg.com/wst/v7/WSB7_J_20150617_0953_WSB-Desig_7030/v2/designer/iebackground/iebackground.js
JavaScript error: http://img4.wsimg.com/starfield/duel/v2.5.7/duel.js?appid=O3BkA5J1#TzNCa0E1SjF2Mi41Ljdwcm9k, line 2: Error: Syntax or http error: https://img4.wsimg.com/wst/v7/WSB7_J_20150617_0953_WSB-Desig_7030/v2/designer/social/share/social.share.js
JavaScript error: http://img4.wsimg.com/starfield/duel/v2.5.7/duel.js?appid=O3BkA5J1#TzNCa0E1SjF2Mi41Ljdwcm9k, line 2: Error: Syntax or http error: https://img4.wsimg.com/wst/v7/WSB7_J_20150617_0953_WSB-Desig_7030/v2/designer/social/share/social.share.js
JavaScript error: http://img4.wsimg.com/starfield/duel/v2.5.7/duel.js?appid=O3BkA5J1#TzNCa0E1SjF2Mi41Ljdwcm9k, line 2: Error: Syntax or http error: https://img4.wsimg.com/wst/v7/WSB7_J_20150617_0953_WSB-Desig_7030/v2/designer/iebackground/iebackground.js
JavaScript error: http://img4.wsimg.com/starfield/duel/v2.5.7/duel.js?appid=O3BkA5J1#TzNCa0E1SjF2Mi41Ljdwcm9k, line 2: Error: Syntax or http error: https://img4.wsimg.com/wst/v7/WSB7_J_20150617_0953_WSB-Desig_7030/v2/designer/social/share/social.share.js
JavaScript error: http://img4.wsimg.com/starfield/duel/v2.5.7/duel.js?appid=O3BkA5J1#TzNCa0E1SjF2Mi41Ljdwcm9k, line 2: Error: Syntax or http error: https://img4.wsimg.com/wst/v7/WSB7_J_20150617_0953_WSB-Desig_7030/v2/common/cookiemanager/cookiemanager.js
JavaScript error: http://img4.wsimg.com/starfield/duel/v2.5.7/duel.js?appid=O3BkA5J1#TzNCa0E1SjF2Mi41Ljdwcm9k, line 2: Error: Syntax or http error: https://img4.wsimg.com/wst/v7/WSB7_J_20150617_0953_WSB-Desig_7030/v2/designer/social/share/social.share.js
JavaScript error: http://img4.wsimg.com/starfield/duel/v2.5.7/duel.js?appid=O3BkA5J1#TzNCa0E1SjF2Mi41Ljdwcm9k, line 2: Error: Syntax or http error: https://img4.wsimg.com/wst/v7/WSB7_J_20150617_0953_WSB-Desig_7030/v2/common/cookiemanager/cookiemanager.js
console.log: WebExtensions: reset-default-search: No addons in our list are installed.
1618795649073	Marionette	INFO	Stopped listening on port 54268

###!!! [Child][RunMessage] Error: Channel closing: too late to send/recv, messages will be lost

1618795659545	geckodriver	INFO	Listening on 127.0.0.1:54697
1618795662554	mozrunner::runner	INFO	Running command: "C:\\Program Files\\Mozilla Firefox\\firefox.exe" "--marionette" "-foreground" "-no-remote" "-profile" "C:\\Users\\jerem\\AppData\\Local\\Temp\\rust_mozprofilerzOPOY"
console.warn: SearchSettings: "get: No settings file exists, new profile?" (new Error("", "(unknown module)"))
1618795664218	Marionette	INFO	Listening on port 54705
1618795664579	Marionette	WARN	TLS certificate errors will be ignored for this session
JavaScript error: http://img4.wsimg.com/starfield/duel/v2.5.7/duel.js?appid=O3BkA5J1#TzNCa0E1SjF2Mi41Ljdwcm9k, line 2: Error: Syntax or http error: https://img4.wsimg.com/wst/v7/WSB7_J_20150617_0953_WSB-Desig_7030/v2/common/cookiemanager/cookiemanager.js
JavaScript error: http://img4.wsimg.com/starfield/duel/v2.5.7/duel.js?appid=O3BkA5J1#TzNCa0E1SjF2Mi41Ljdwcm9k, line 2: Error: Syntax or http error: https://img4.wsimg.com/wst/v7/WSB7_J_20150617_0953_WSB-Desig_7030/v2/designer/social/share/social.share.js
1618795753382	Marionette	INFO	Stopped listening on port 54705

###!!! [Child][RunMessage] Error: Channel closing: too late to send/recv, messages will be lost

1618795760068	geckodriver	INFO	Listening on 127.0.0.1:54814
1618795763076	mozrunner::runner	INFO	Running command: "C:\\Program Files\\Mozilla Firefox\\firefox.exe" "--marionette" "-foreground" "-no-remote" "-profile" "C:\\Users\\jerem\\AppData\\Local\\Temp\\rust_mozprofiledwW5Y4"
console.warn: SearchSettings: "get: No settings file exists, new profile?" (new Error("", "(unknown module)"))
1618795764767	Marionette	INFO	Listening on port 54822
1618795765100	Marionette	WARN	TLS certificate errors will be ignored for this session
JavaScript error: http://img4.wsimg.com/starfield/duel/v2.5.7/duel.js?appid=O3BkA5J1#TzNCa0E1SjF2Mi41Ljdwcm9k, line 2: Error: Syntax or http error: https://img4.wsimg.com/wst/v7/WSB7_J_20150617_0953_WSB-Desig_7030/v2/designer/social/share/social.share.js
JavaScript error: http://img4.wsimg.com/starfield/duel/v2.5.7/duel.js?appid=O3BkA5J1#TzNCa0E1SjF2Mi41Ljdwcm9k, line 2: Error: Syntax or http error: https://img4.wsimg.com/wst/v7/WSB7_J_20150617_0953_WSB-Desig_7030/v2/common/cookiemanager/cookiemanager.js
JavaScript error: http://img4.wsimg.com/starfield/duel/v2.5.7/duel.js?appid=O3BkA5J1#TzNCa0E1SjF2Mi41Ljdwcm9k, line 2: Error: Syntax or http error: https://img4.wsimg.com/wst/v7/WSB7_J_20150617_0953_WSB-Desig_7030/v2/designer/social/share/social.share.js
JavaScript error: http://img4.wsimg.com/starfield/duel/v2.5.7/duel.js?appid=O3BkA5J1#TzNCa0E1SjF2Mi41Ljdwcm9k, line 2: Error: Syntax or http error: https://img4.wsimg.com/wst/v7/WSB7_J_20150617_0953_WSB-Desig_7030/v2/designer/form/form.js
JavaScript error: http://img4.wsimg.com/starfield/duel/v2.5.7/duel.js?appid=O3BkA5J1#TzNCa0E1SjF2Mi41Ljdwcm9k, line 2: Error: Syntax or http error: https://img4.wsimg.com/wst/v7/WSB7_J_20150617_0953_WSB-Desig_7030/v2/common/cookiemanager/cookiemanager.js
console.warn: LoginRecipes: "getRecipes: falling back to a synchronous message for:" "http://www.practiceselenium.com"
1618796241802	Marionette	INFO	Stopped listening on port 54822

###!!! [Child][RunMessage] Error: Channel closing: too late to send/recv, messages will be lost

1618796669069	geckodriver	INFO	Listening on 127.0.0.1:55243
1618796672077	mozrunner::runner	INFO	Running command: "C:\\Program Files\\Mozilla Firefox\\firefox.exe" "--marionette" "-foreground" "-no-remote" "-profile" "C:\\Users\\jerem\\AppData\\Local\\Temp\\rust_mozprofileq5YJii"
console.warn: SearchSettings: "get: No settings file exists, new profile?" (new Error("", "(unknown module)"))
1618796673785	Marionette	INFO	Listening on port 55251
1618796674101	Marionette	WARN	TLS certificate errors will be ignored for this session
JavaScript error: http://img4.wsimg.com/starfield/duel/v2.5.7/duel.js?appid=O3BkA5J1#TzNCa0E1SjF2Mi41Ljdwcm9k, line 2: Error: Syntax or http error: https://img4.wsimg.com/wst/v7/WSB7_J_20150617_0953_WSB-Desig_7030/v2/designer/iebackground/iebackground.js
JavaScript error: http://img4.wsimg.com/starfield/duel/v2.5.7/duel.js?appid=O3BkA5J1#TzNCa0E1SjF2Mi41Ljdwcm9k, line 2: Error: Syntax or http error: https://img4.wsimg.com/wst/v7/WSB7_J_20150617_0953_WSB-Desig_7030/v2/designer/social/share/social.share.js
JavaScript error: http://img4.wsimg.com/starfield/duel/v2.5.7/duel.js?appid=O3BkA5J1#TzNCa0E1SjF2Mi41Ljdwcm9k, line 2: Error: Syntax or http error: https://img4.wsimg.com/wst/v7/WSB7_J_20150617_0953_WSB-Desig_7030/v2/designer/form/form.js
JavaScript error: http://img4.wsimg.com/starfield/duel/v2.5.7/duel.js?appid=O3BkA5J1#TzNCa0E1SjF2Mi41Ljdwcm9k, line 2: Error: Syntax or http error: https://img4.wsimg.com/wst/v7/WSB7_J_20150617_0953_WSB-Desig_7030/v2/common/cookiemanager/cookiemanager.js
JavaScript error: http://img4.wsimg.com/starfield/duel/v2.5.7/duel.js?appid=O3BkA5J1#TzNCa0E1SjF2Mi41Ljdwcm9k, line 2: Error: Syntax or http error: https://img4.wsimg.com/wst/v7/WSB7_J_20150617_0953_WSB-Desig_7030/v2/designer/social/share/social.share.js
1618796779318	Marionette	INFO	Stopped listening on port 55251618796779995	mozrunner::runner	INFO	Running command: "C:\\Program Files\\Mozilla Firefox\\firefox.exe" "--marionette" "-foreground" "-no-remote" "-profile" "C:\\Users\\jerem\\AppData\\Local\\Temp\\rust_mozprofileopfxHi"
console.warn: SearchSettings: "get: No settings file exists, new profile?" (new Error("", "(unknown module)"))
1618796781673	Marionette	INFO	Listening on port 55361
1618796782019	Marionette	WARN	TLS certificate errors will be ignored for this session
JavaScript error: http://img4.wsimg.com/starfield/duel/v2.5.7/duel.js?appid=O3BkA5J1#TzNCa0E1SjF2Mi41Ljdwcm9k, line 2: Error: Syntax or http error: https://img4.wsimg.com/wst/v7/WSB7_J_20150617_0953_WSB-Desig_7030/v2/designer/iebackground/iebackground.js
JavaScript error: http://img4.wsimg.com/starfield/duel/v2.5.7/duel.js?appid=O3BkA5J1#TzNCa0E1SjF2Mi41Ljdwcm9k, line 2: Error: Syntax or http error: https://img4.wsimg.com/wst/v7/WSB7_J_20150617_0953_WSB-Desig_7030/v2/designer/social/share/social.share.js
JavaScript error: http://img4.wsimg.com/starfield/duel/v2.5.7/duel.js?appid=O3BkA5J1#TzNCa0E1SjF2Mi41Ljdwcm9k, line 2: Error: Syntax or http error: https://img4.wsimg.com/wst/v7/WSB7_J_20150617_0953_WSB-Desig_7030/v2/designer/social/share/social.share.js
JavaScript error: http://img4.wsimg.com/starfield/duel/v2.5.7/duel.js?appid=O3BkA5J1#TzNCa0E1SjF2Mi41Ljdwcm9k, line 2: Error: Syntax or http error: https://img4.wsimg.com/wst/v7/WSB7_J_20150617_0953_WSB-Desig_7030/v2/designer/form/form.js
JavaScript error: http://img4.wsimg.com/starfield/duel/v2.5.7/duel.js?appid=O3BkA5J1#TzNCa0E1SjF2Mi41Ljdwcm9k, line 2: Error: Syntax or http error: https://img4.wsimg.com/wst/v7/WSB7_J_20150617_0953_WSB-Desig_7030/v2/common/cookiemanager/cookiemanager.js
1618797038810	Marionette	INFO	Stopped listening on port 55361

###!!! [Child][RunMessage] Error: Channel closing: too late to send/recv, messages will be lost

1618884056609	geckodriver	INFO	Listening on 127.0.0.1:58058
1618884059621	mozrunner::runner	INFO	Running command: "C:\\Program Files\\Mozilla Firefox\\firefox.exe" "--marionette" "-foreground" "-no-remote" "-profile" "C:\\Users\\jerem\\AppData\\Local\\Temp\\rust_mozprofileKzNIQu"
1618884084429	geckodriver	INFO	Listening on 127.0.0.1:58110
1618884087438	mozrunner::runner	INFO	Running command: "C:\\Program Files\\Mozilla Firefox\\firefox.exe" "--marionette" "-foreground" "-no-remote" "-profile" "C:\\Users\\jerem\\AppData\\Local\\Temp\\rust_mozprofile3qD4Us"
1618884087721	Marionette	INFO	Marionette enabled
console.warn: SearchSettings: "get: No settings file exists, new profile?" (new Error("", "(unknown module)"))
1618884089233	Marionette	INFO	Listening on port 58118
1618884089462	Marionette	WARN	TLS certificate errors will be ignored for this session
JavaScript error: http://img4.wsimg.com/starfield/duel/v2.5.7/duel.js?appid=O3BkA5J1#TzNCa0E1SjF2Mi41Ljdwcm9k, line 2: Error: Syntax or http error: https://img4.wsimg.com/wst/v7/WSB7_J_20150617_0953_WSB-Desig_7030/v2/designer/social/share/social.share.js
JavaScript error: http://img4.wsimg.com/starfield/duel/v2.5.7/duel.js?appid=O3BkA5J1#TzNCa0E1SjF2Mi41Ljdwcm9k, line 2: Error: Syntax or http error: https://img4.wsimg.com/wst/v7/WSB7_J_20150617_0953_WSB-Desig_7030/v2/common/cookiemanager/cookiemanager.js
1618885267851	Marionette	INFO	Stopped listening on port 58118

###!!! [Child][RunMessage] Error: Channel closing: too late to send/recv, messages will be lost

"--marionette" "-foreground" "-no-remote" "-profile" "C:\\Users\\jerem\\AppData\\Local\\Temp\\rust_mozprofileaHcZHP"
1618885148271	Marionette	INFO	Marionette enabled
console.warn: SearchSettings: "get: No settings file exists, new profile?" (new Error("", "(unknown module)"))
1618885149986	Marionette	INFO	Listening on port 58410
1618885150021	Marionette	WARN	TLS certificate errors will be ignored for this session
1618885267124	Marionette	INFO	Stopped listening on port 58411618885267348	mozrunner::runner	INFO	Running command: "C:\\Program Files\\Mozilla Firefox\\firefox.exe" "--marionette" "-foreground" "-no-remote" "-profile" "C:\\Users\\jerem\\AppData\\Local\\Temp\\rust_mozprofileAS7BqS"
1618885267631	Marionette	INFO	Marionette enabled
console.warn: SearchSettings: "get: No settings file exists, new profile?" (new Error("", "(unknown module)"))
1618885269105	Marionette	INFO	Listening on port 58520
1618885269377	Marionette	WARN	TLS certificate errors will be ignored for this session
JavaScript error: http://img4.wsimg.com/starfield/duel/v2.5.7/duel.js?appid=O3BkA5J1#TzNCa0E1SjF2Mi41Ljdwcm9k, line 2: Error: Syntax or http error: https://img4.wsimg.com/wst/v7/WSB7_J_20150617_0953_WSB-Desig_7030/v2/common/cookiemanager/cookiemanager.js
JavaScript error: http://img4.wsimg.com/starfield/duel/v2.5.7/duel.js?appid=O3BkA5J1#TzNCa0E1SjF2Mi41Ljdwcm9k, line 2: Error: Syntax or http error: https://img4.wsimg.com/wst/v7/WSB7_J_20150617_0953_WSB-Desig_7030/v2/designer/social/share/social.share.js
1618885384341	Marionette	INFO	Stopped listening on port 58520

###!!! [Child][RunMessage] Error: Channel closing: too late to send/recv, messages will be lost

1618885387623	geckodriver	INFO	Listening on 127.0.0.1:58648
1618885390630	mozrunner::runner	INFO	Running command: "C:\\Program Files\\Mozilla Firefox\\firefox.exe" "--marionette" "-foreground" "-no-remote" "-profile" "C:\\Users\\jerem\\AppData\\Local\\Temp\\rust_mozprofilewGPcxM"
1618885390917	Marionette	INFO	Marionette enabled
console.warn: SearchSettings: "get: No settings file exists, new profile?" (new Error("", "(unknown module)"))
1618885392311	Marionette	INFO	Listening on port 58657
1618885392664	Marionette	WARN	TLS certificate errors will be ignored for this session
JavaScript error: http://img4.wsimg.com/starfield/duel/v2.5.7/duel.js?appid=O3BkA5J1#TzNCa0E1SjF2Mi41Ljdwcm9k, line 2: Error: Syntax or http error: https://img4.wsimg.com/wst/v7/WSB7_J_20150617_0953_WSB-Desig_7030/v2/common/cookiemanager/cookiemanager.js
JavaScript error: http://img4.wsimg.com/starfield/duel/v2.5.7/duel.js?appid=O3BkA5J1#TzNCa0E1SjF2Mi41Ljdwcm9k, line 2: Error: Syntax or http error: https://img4.wsimg.com/wst/v7/WSB7_J_20150617_0953_WSB-Desig_7030/v2/designer/social/share/social.share.js
1618890919858	Marionette	INFO	Stopped listening on port 58657

###!!! [Child][RunMessage] Error: Channel closing: too late to send/recv, messages will be lost

